raw/train\09aefeec-e05f-11e8-87a6-0242ac1c0002.jpg raw/train_label\09aefeec-e05f-11e8-87a6-0242ac1c0002.jpg
raw/train\34404E67-4BB8-432E-863E-C1BEF5EB37E0.jpg raw/train_label\34404E67-4BB8-432E-863E-C1BEF5EB37E0.jpg
raw/train\3493127D-7B19-4E50-94AE-2401BD2A91C8.jpg raw/train_label\3493127D-7B19-4E50-94AE-2401BD2A91C8.jpg
raw/train\41d83dbb-7c39-4d91-979e-eec5ff71b265.jpg raw/train_label\41d83dbb-7c39-4d91-979e-eec5ff71b265.jpg
raw/train\4252e46c-e40f-4543-91ab-031917d46c5c.jpg raw/train_label\4252e46c-e40f-4543-91ab-031917d46c5c.jpg
raw/train\4c472e18-e402-11e8-97db-0242ac1c0002.jpg raw/train_label\4c472e18-e402-11e8-97db-0242ac1c0002.jpg
raw/train\4c478f3e-e402-11e8-97db-0242ac1c0002.jpg raw/train_label\4c478f3e-e402-11e8-97db-0242ac1c0002.jpg
raw/train\4c47ee66-e402-11e8-97db-0242ac1c0002.jpg raw/train_label\4c47ee66-e402-11e8-97db-0242ac1c0002.jpg
raw/train\4c484f8c-e402-11e8-97db-0242ac1c0002.jpg raw/train_label\4c484f8c-e402-11e8-97db-0242ac1c0002.jpg
raw/train\4c48acb6-e402-11e8-97db-0242ac1c0002.jpg raw/train_label\4c48acb6-e402-11e8-97db-0242ac1c0002.jpg
raw/train\4c490eae-e402-11e8-97db-0242ac1c0002.jpg raw/train_label\4c490eae-e402-11e8-97db-0242ac1c0002.jpg
raw/train\4c49b502-e402-11e8-97db-0242ac1c0002.jpg raw/train_label\4c49b502-e402-11e8-97db-0242ac1c0002.jpg
raw/train\54108996-6DA8-48F9-93DF-7ABB92F64E03.jpg raw/train_label\54108996-6DA8-48F9-93DF-7ABB92F64E03.jpg
raw/train\5CBCC5AC-B638-4DFA-AA7B-2464FADFF2F7.jpg raw/train_label\5CBCC5AC-B638-4DFA-AA7B-2464FADFF2F7.jpg
raw/train\5fad3947-76d7-4352-9329-4a92f898dd59.jpg raw/train_label\5fad3947-76d7-4352-9329-4a92f898dd59.jpg
raw/train\7e9f5818-4425-4d8a-808a-4673d96fa250.jpg raw/train_label\7e9f5818-4425-4d8a-808a-4673d96fa250.jpg
raw/train\865a1e90-7ad2-4ceb-b2a1-50b07875c5c7.jpg raw/train_label\865a1e90-7ad2-4ceb-b2a1-50b07875c5c7.jpg
raw/train\869CDA2E-8251-4880-89D6-9409CBC416F3.jpg raw/train_label\869CDA2E-8251-4880-89D6-9409CBC416F3.jpg
raw/train\917FB1CC-E132-497F-A463-46C61A84BB40.jpg raw/train_label\917FB1CC-E132-497F-A463-46C61A84BB40.jpg
raw/train\964c11f9-fbe3-420e-8674-9bb356cb5d3f.jpg raw/train_label\964c11f9-fbe3-420e-8674-9bb356cb5d3f.jpg
raw/train\9ABD7CB9-7617-4A66-8892-B335FDB0E89F.jpg raw/train_label\9ABD7CB9-7617-4A66-8892-B335FDB0E89F.jpg
raw/train\a3a73edd-1483-4413-addb-9a7264b5d853.jpg raw/train_label\a3a73edd-1483-4413-addb-9a7264b5d853.jpg
raw/train\ABD5AB5C-E7CA-4420-A983-2161029ECC9E.jpg raw/train_label\ABD5AB5C-E7CA-4420-A983-2161029ECC9E.jpg
raw/train\af5626a5-feb4-4b2a-8c57-152e443ea3dc.jpg raw/train_label\af5626a5-feb4-4b2a-8c57-152e443ea3dc.jpg
raw/train\b25b81b1-d562-4891-ae4f-83a82a2b64b5.jpg raw/train_label\b25b81b1-d562-4891-ae4f-83a82a2b64b5.jpg
raw/train\bf93c2e2-7b5f-4108-ae85-4ef68564d418.jpg raw/train_label\bf93c2e2-7b5f-4108-ae85-4ef68564d418.jpg
raw/train\C03527E3-ADED-423E-9F11-D797EA35E286.jpg raw/train_label\C03527E3-ADED-423E-9F11-D797EA35E286.jpg
raw/train\cc25f453-04ca-4c24-92bc-f26c5a94e78c.jpg raw/train_label\cc25f453-04ca-4c24-92bc-f26c5a94e78c.jpg
raw/train\d60153c0-db67-11e8-9658-0242ac1c0002.jpg raw/train_label\d60153c0-db67-11e8-9658-0242ac1c0002.jpg
raw/train\d6072ec6-db67-11e8-9658-0242ac1c0002.jpg raw/train_label\d6072ec6-db67-11e8-9658-0242ac1c0002.jpg
raw/train\d60a5f06-db67-11e8-9658-0242ac1c0002.jpg raw/train_label\d60a5f06-db67-11e8-9658-0242ac1c0002.jpg
raw/train\d60f3ecc-db67-11e8-9658-0242ac1c0002.jpg raw/train_label\d60f3ecc-db67-11e8-9658-0242ac1c0002.jpg
raw/train\d61a32a0-db67-11e8-9658-0242ac1c0002.jpg raw/train_label\d61a32a0-db67-11e8-9658-0242ac1c0002.jpg
raw/train\d61d6de4-db67-11e8-9658-0242ac1c0002.jpg raw/train_label\d61d6de4-db67-11e8-9658-0242ac1c0002.jpg
raw/train\d62b0cd8-db67-11e8-9658-0242ac1c0002.jpg raw/train_label\d62b0cd8-db67-11e8-9658-0242ac1c0002.jpg
raw/train\d6303a64-db67-11e8-9658-0242ac1c0002.jpg raw/train_label\d6303a64-db67-11e8-9658-0242ac1c0002.jpg
raw/train\d6321726-db67-11e8-9658-0242ac1c0002.jpg raw/train_label\d6321726-db67-11e8-9658-0242ac1c0002.jpg
raw/train\d633f320-db67-11e8-9658-0242ac1c0002.jpg raw/train_label\d633f320-db67-11e8-9658-0242ac1c0002.jpg
raw/train\d6358550-db67-11e8-9658-0242ac1c0002.jpg raw/train_label\d6358550-db67-11e8-9658-0242ac1c0002.jpg
raw/train\d63890ec-db67-11e8-9658-0242ac1c0002.jpg raw/train_label\d63890ec-db67-11e8-9658-0242ac1c0002.jpg
raw/train\d639e532-db67-11e8-9658-0242ac1c0002.jpg raw/train_label\d639e532-db67-11e8-9658-0242ac1c0002.jpg
raw/train\d97db2d2-18ff-456d-8d85-23bfb7109aef.jpg raw/train_label\d97db2d2-18ff-456d-8d85-23bfb7109aef.jpg
raw/train\da236f3a-8c82-4c64-9a7d-9b950fd8b47e.jpg raw/train_label\da236f3a-8c82-4c64-9a7d-9b950fd8b47e.jpg
raw/train\edff1324-0b02-4471-b449-14cea27f0094.jpg raw/train_label\edff1324-0b02-4471-b449-14cea27f0094.jpg
raw/train\F6F9B3E6-FA7B-4DAC-B08C-1AD19BC43A76.jpg raw/train_label\F6F9B3E6-FA7B-4DAC-B08C-1AD19BC43A76.jpg
raw/train\feb2c029-b89c-4ce5-b208-db2114516a40.jpg raw/train_label\feb2c029-b89c-4ce5-b208-db2114516a40.jpg
